<?xml version="1.0" encoding="UTF-8"?>
<testng-results skipped="0" failed="0" ignored="0" total="1" passed="1">
  <reporter-output>
  </reporter-output>
  <suite name="Default suite" duration-ms="4959" started-at="2019-02-22T13:03:54Z" finished-at="2019-02-22T13:03:59Z">
    <groups>
    </groups>
    <test name="Default test" duration-ms="4959" started-at="2019-02-22T13:03:54Z" finished-at="2019-02-22T13:03:59Z">
      <class name="Test.TestRestApis">
        <test-method status="PASS" signature="setUp()[pri:0, instance:Test.TestRestApis@3d99d22e]" name="setUp" is-config="true" duration-ms="13" started-at="2019-02-22T13:03:54Z" finished-at="2019-02-22T13:03:54Z">
          <reporter-output>
          </reporter-output>
        </test-method> <!-- setUp -->
        <test-method status="PASS" signature="testApis()[pri:1, instance:Test.TestRestApis@3d99d22e]" name="testApis" duration-ms="4884" started-at="2019-02-22T13:03:54Z" finished-at="2019-02-22T13:03:59Z">
          <reporter-output>
          </reporter-output>
        </test-method> <!-- testApis -->
      </class> <!-- Test.TestRestApis -->
    </test> <!-- Default test -->
  </suite> <!-- Default suite -->
</testng-results>
